<?xml version="1.0" encoding="UTF-8"?>
<testsuite name="PrimaryTestCases" tests="1" skipped="0" failures="0" errors="0" timestamp="2024-04-27T17:08:46" hostname="Manshis-MacBook-Air.local" time="3.612">
  <properties/>
  <testcase name="testSFW" classname="PrimaryTestCases" time="3.612"/>
  <system-out><![CDATA[[+] Logical RelNode:
LogicalProject(FIRST_NAME=[$1], EXPR$1=[*($0, 1)])
  LogicalFilter(condition=[OR(=(*($0, 2), *(100, 2)), AND(=($0, 150), =($0, 200)))])
    PTableScan(table=[[FILM_DB, actor]])

mmmmmmmmm
oyyyyyy
[+] Physical RelNode:
PProjectFilter(FIRST_NAME=[$1], EXPR$1=[*($0, 1)])
  PTableScan(table=[[FILM_DB, actor]])

RESULT-------
Spencer 100 
Test passed :)
]]></system-out>
  <system-err><![CDATA[]]></system-err>
</testsuite>
